<?xml version="1.0" encoding="UTF-8"?>
<testng-results skipped="0" failed="0" ignored="0" total="1" passed="1">
  <reporter-output>
  </reporter-output>
  <suite name="Default suite" duration-ms="93" started-at="2022-01-12T11:27:14Z" finished-at="2022-01-12T11:27:15Z">
    <groups>
    </groups>
    <test name="Default test" duration-ms="93" started-at="2022-01-12T11:27:14Z" finished-at="2022-01-12T11:27:15Z">
      <class name="com.testng.TestNg">
        <test-method status="PASS" signature="dism()[pri:0, instance:com.testng.TestNg@11a9e7c8]" name="dism" duration-ms="25" started-at="2022-01-12T16:57:15Z" finished-at="2022-01-12T16:57:15Z">
          <reporter-output>
          </reporter-output>
        </test-method> <!-- dism -->
      </class> <!-- com.testng.TestNg -->
    </test> <!-- Default test -->
  </suite> <!-- Default suite -->
</testng-results>
